Determining if the pthread_create exist failed with the following output:
Change Dir: /var/www/FlaskApp/FlaskApp/dlib-19.6/tools/python/build/CMakeFiles/CMakeTmp

Run Build Command:"/usr/bin/make" "cmTC_82495/fast"
/usr/bin/make -f CMakeFiles/cmTC_82495.dir/build.make CMakeFiles/cmTC_82495.dir/build
make[1]: Entering directory '/var/www/FlaskApp/FlaskApp/dlib-19.6/tools/python/build/CMakeFiles/CMakeTmp'
Building C object CMakeFiles/cmTC_82495.dir/CheckSymbolExists.c.o
/usr/bin/cc    -fPIE   -o CMakeFiles/cmTC_82495.dir/CheckSymbolExists.c.o   -c /var/www/FlaskApp/FlaskApp/dlib-19.6/tools/python/build/CMakeFiles/CMakeTmp/CheckSymbolExists.c
Linking C executable cmTC_82495
/usr/bin/cmake -E cmake_link_script CMakeFiles/cmTC_82495.dir/link.txt --verbose=1
/usr/bin/cc       CMakeFiles/cmTC_82495.dir/CheckSymbolExists.c.o  -o cmTC_82495 -rdynamic 
CMakeFiles/cmTC_82495.dir/CheckSymbolExists.c.o: In function `main':
CheckSymbolExists.c:(.text+0x1b): undefined reference to `pthread_create'
collect2: error: ld returned 1 exit status
CMakeFiles/cmTC_82495.dir/build.make:97: recipe for target 'cmTC_82495' failed
make[1]: *** [cmTC_82495] Error 1
make[1]: Leaving directory '/var/www/FlaskApp/FlaskApp/dlib-19.6/tools/python/build/CMakeFiles/CMakeTmp'
Makefile:126: recipe for target 'cmTC_82495/fast' failed
make: *** [cmTC_82495/fast] Error 2

File /var/www/FlaskApp/FlaskApp/dlib-19.6/tools/python/build/CMakeFiles/CMakeTmp/CheckSymbolExists.c:
/* */
#include <pthread.h>

int main(int argc, char** argv)
{
  (void)argv;
#ifndef pthread_create
  return ((int*)(&pthread_create))[argc];
#else
  (void)argc;
  return 0;
#endif
}

Determining if the function pthread_create exists in the pthreads failed with the following output:
Change Dir: /var/www/FlaskApp/FlaskApp/dlib-19.6/tools/python/build/CMakeFiles/CMakeTmp

Run Build Command:"/usr/bin/make" "cmTC_96302/fast"
/usr/bin/make -f CMakeFiles/cmTC_96302.dir/build.make CMakeFiles/cmTC_96302.dir/build
make[1]: Entering directory '/var/www/FlaskApp/FlaskApp/dlib-19.6/tools/python/build/CMakeFiles/CMakeTmp'
Building C object CMakeFiles/cmTC_96302.dir/CheckFunctionExists.c.o
/usr/bin/cc    -DCHECK_FUNCTION_EXISTS=pthread_create -fPIE   -o CMakeFiles/cmTC_96302.dir/CheckFunctionExists.c.o   -c /usr/share/cmake-3.5/Modules/CheckFunctionExists.c
Linking C executable cmTC_96302
/usr/bin/cmake -E cmake_link_script CMakeFiles/cmTC_96302.dir/link.txt --verbose=1
/usr/bin/cc   -DCHECK_FUNCTION_EXISTS=pthread_create    CMakeFiles/cmTC_96302.dir/CheckFunctionExists.c.o  -o cmTC_96302 -rdynamic -lpthreads 
/usr/bin/ld: cannot find -lpthreads
collect2: error: ld returned 1 exit status
CMakeFiles/cmTC_96302.dir/build.make:97: recipe for target 'cmTC_96302' failed
make[1]: *** [cmTC_96302] Error 1
make[1]: Leaving directory '/var/www/FlaskApp/FlaskApp/dlib-19.6/tools/python/build/CMakeFiles/CMakeTmp'
Makefile:126: recipe for target 'cmTC_96302/fast' failed
make: *** [cmTC_96302/fast] Error 2


